<?xml version="1.0" encoding="UTF-8"?>
<!-- Generated by org.testng.reporters.JUnitXMLReporter -->
<testsuite ignored="0" hostname="agropecuario" failures="0" tests="10" name="WikipediaTest" time="142.207" errors="0" timestamp="2025-03-05T12:05:27 CET">
  <testcase classname="WikipediaTest" name="testHighlightElementsOnElCabreroPage" time="8.38"/>
  <testcase classname="WikipediaTest02" name="testHighlightElementsOnVerdialesPage" time="8.724"/>
  <testcase classname="WikipediaTest03" name="testHighlightElementsOnMontargilPage" time="9.193"/>
  <testcase classname="WikipediaTest04" name="testHighlightElementsOnPyreneesPage" time="10.18"/>
  <testcase classname="WikipediaTest05" name="testHighlightElementsOnGorbeaPage" time="7.36"/>
  <testcase classname="WikipediaTest06" name="testHighlightElementsOnCantabriaPage" time="10.46"/>
  <testcase classname="WikipediaTest07" name="testHighlightElementsOnAsturiasPage" time="9.968"/>
  <testcase classname="WikipediaTest08" name="testHighlightElementsOnGaliciaPage" time="13.031"/>
  <testcase classname="WikipediaTest09" name="testHighlightElementsOnAsturiasPage" time="10.345"/>
  <testcase classname="WikipediaTest10" name="testHighlightElementsOnAndalusiaPage" time="12.183"/>
</testsuite> <!-- WikipediaTest -->
