<?xml version="1.0" encoding="UTF-8"?>
<!-- Generated by org.testng.reporters.JUnitXMLReporter -->
<testsuite ignored="9" hostname="agropecuario" failures="0" tests="70" name="WikipediaTest" time="186.478" errors="0" timestamp="2026-03-14T15:29:25 CET">
  <testcase classname="WikipediaTest01" name="verifyAllContentSections" time="0.162"/>
  <testcase classname="WikipediaTest01" name="verifyAvailableLanguages" time="0.12"/>
  <testcase classname="WikipediaTest01" name="verifyFooterLinksExist" time="0.138"/>
  <testcase classname="WikipediaTest01" name="verifyMainPageStructure" time="0.083"/>
  <testcase classname="WikipediaTest01" name="verifyPageHeaderTabs" time="0.148"/>
  <testcase classname="WikipediaTest01" name="verifySearchFunctionality" time="0.617"/>
  <testcase classname="WikipediaTest01" name="verifySidebarNavigationMenu" time="0.296"/>
  <testcase classname="WikipediaTest01" name="verifySisterProjectsSection" time="0.145"/>
  <testcase classname="WikipediaTest01" name="verifyTodayFeaturedArticleExists" time="0.091"/>
  <testcase classname="WikipediaTest01" name="verifyWikipediaLogoLinksToMainPage" time="0.634"/>
  <testcase classname="WikipediaTest02" name="verifyAllContentSections" time="0.173"/>
  <testcase classname="WikipediaTest02" name="verifyArticlePageStructure" time="0.149"/>
  <testcase classname="WikipediaTest02" name="verifyFooterLinksExist" time="0.186"/>
  <testcase classname="WikipediaTest02" name="verifyModelsSubsections" time="0.269"/>
  <testcase classname="WikipediaTest02" name="verifyPageHeaderTabs" time="0.209"/>
  <testcase classname="WikipediaTest02" name="verifySidebarNavigationMenu" time="0.353"/>
  <testcase classname="WikipediaTest03" name="verifyAllContentSections" time="0.168"/>
  <testcase classname="WikipediaTest03" name="verifyArticlePageStructure" time="0.161"/>
  <testcase classname="WikipediaTest03" name="verifyFooterLinksExist" time="0.209"/>
  <testcase classname="WikipediaTest03" name="verifyPageHeaderTabs" time="0.223"/>
  <testcase classname="WikipediaTest03" name="verifySidebarNavigationMenu" time="0.325"/>
  <testcase classname="WikipediaTest03" name="verifyTechnicalSpecificationsInInfobox" time="0.168"/>
  <testcase classname="WikipediaTest04" name="verifyDesignSection" time="0.767"/>
  <testcase classname="WikipediaTest04" name="verifyExternalLinks" time="0.848"/>
  <testcase classname="WikipediaTest04" name="verifyHistorySection" time="0.81"/>
  <testcase classname="WikipediaTest04" name="verifyInfoboxWebsiteLink" time="0.835"/>
  <testcase classname="WikipediaTest05" name="verifyFeaturesSection" time="0.921"/>
  <testcase classname="WikipediaTest05" name="verifySoftwareEmulationsSection" time="0.864"/>
  <testcase classname="WikipediaTest05" name="verifySuccessorsSection" time="0.802"/>
  <testcase classname="WikipediaTest05" name="verifyTechnicalSpecifications" time="0.83"/>
  <testcase classname="WikipediaTest06" name="verifyCompatibilityTable" time="0.585"/>
  <testcase classname="WikipediaTest06" name="verifyConnectorsSubsections" time="0.228"/>
  <testcase classname="WikipediaTest06" name="verifyTypesSubSubsections" time="0.315"/>
  <testcase classname="WikipediaTest06" name="verifyUSBConnectorsSection" time="0.272"/>
  <testcase classname="WikipediaTest07" name="verifyArticlePageStructure" time="0.252"/>
  <testcase classname="WikipediaTest07" name="verifyCorporateInfoboxDetails" time="0.307"/>
  <testcase classname="WikipediaTest07" name="verifyFooterLinksExist" time="0.336"/>
  <testcase classname="WikipediaTest07" name="verifyMainContentSections" time="0.229"/>
  <testcase classname="WikipediaTest07" name="verifyMajorFilmsMentions" time="0.469"/>
  <testcase classname="WikipediaTest07" name="verifyPageHeaderTabs" time="0.309"/>
  <testcase classname="WikipediaTest07" name="verifySidebarNavigationMenu" time="0.486"/>
  <testcase classname="WikipediaTest08" name="takeScreenshot" time="0.352"/>
  <testcase classname="WikipediaTest08" name="verifyCalendarSection" time="0.153"/>
  <testcase classname="WikipediaTest08" name="verifyDefendingChampionJorgeMartin" time="1.835"/>
  <testcase classname="WikipediaTest08" name="verifyMainTeams" time="1.67"/>
  <testcase classname="WikipediaTest08" name="verifyMarcMarquezInformation" time="1.816"/>
  <testcase classname="WikipediaTest08" name="verifyPageTitle" time="0.188"/>
  <testcase classname="WikipediaTest08" name="verifyReferenceLinks" time="0.198"/>
  <testcase classname="WikipediaTest08" name="verifyResultsTables" time="0.172"/>
  <testcase classname="WikipediaTest08" name="verifyRidersSection" time="0.138"/>
  <testcase classname="WikipediaTest08" name="verifySeasonChanges" time="1.797"/>
  <testcase classname="WikipediaTest08" name="verifyTableOfContents" time="0.165"/>
  <testcase classname="WikipediaTest09" name="quickVerificationOfMultipleMediaWikiSites" time="6.741"/>
  <testcase classname="WikipediaTest09" name="verifyMediaWikiSiteStructureAndLinks" time="11.628"/>
  <testcase classname="WikipediaTest09" name="verifyMediaWikiSiteStructureAndLinks" time="7.286"/>
  <testcase classname="WikipediaTest09" name="verifyMediaWikiSiteStructureAndLinks" time="3.394"/>
  <testcase classname="WikipediaTest09" name="verifyMediaWikiSiteStructureAndLinks" time="4.408"/>
  <testcase classname="WikipediaTest09" name="verifyMediaWikiSiteStructureAndLinks" time="11.668"/>
  <testcase classname="WikipediaTest09" name="verifyMediaWikiSiteStructureAndLinks" time="3.373"/>
  <testcase classname="WikipediaTest09" name="verifyMediaWikiSiteStructureAndLinks" time="4.16"/>
  <testcase classname="WikipediaTest09" name="verifyMediaWikiSiteStructureAndLinks" time="5.701"/>
  <testcase classname="WikipediaTest10" name="completeDonationFlowValidation" time="1.441"/>
  <testcase classname="WikipediaTest10" name="verifyCountrySelectionShowsSpain" time="0.498"/>
  <testcase classname="WikipediaTest10" name="verifyCurrencyIsSetToEUR" time="1.44"/>
  <testcase classname="WikipediaTest10" name="verifyDonationAmountOptions" time="1.257"/>
  <testcase classname="WikipediaTest10" name="verifyDonationFrequencyOptions" time="0.581"/>
  <testcase classname="WikipediaTest10" name="verifyDonationPageLoadsCorrectly" time="0.564"/>
  <testcase classname="WikipediaTest10" name="verifyDonationSubmitButton" time="1.325"/>
  <testcase classname="WikipediaTest10" name="verifyPaymentMethodOptions" time="0.56"/>
  <testcase classname="WikipediaTest10" name="verifyWikimediaBrandingAndTrustIndicators" time="1.136"/>
  <testcase classname="BaseTest" name="@BeforeSuite warmUpSeleniumManager" time="0.0">
    <ignored/>
  </testcase> <!-- @BeforeSuite warmUpSeleniumManager -->
  <testcase classname="BaseTest" name="@BeforeSuite warmUpSeleniumManager" time="0.0">
    <ignored/>
  </testcase> <!-- @BeforeSuite warmUpSeleniumManager -->
  <testcase classname="BaseTest" name="@BeforeSuite warmUpSeleniumManager" time="0.0">
    <ignored/>
  </testcase> <!-- @BeforeSuite warmUpSeleniumManager -->
  <testcase classname="BaseTest" name="@BeforeSuite warmUpSeleniumManager" time="0.0">
    <ignored/>
  </testcase> <!-- @BeforeSuite warmUpSeleniumManager -->
  <testcase classname="BaseTest" name="@BeforeSuite warmUpSeleniumManager" time="0.0">
    <ignored/>
  </testcase> <!-- @BeforeSuite warmUpSeleniumManager -->
  <testcase classname="BaseTest" name="@BeforeSuite warmUpSeleniumManager" time="0.0">
    <ignored/>
  </testcase> <!-- @BeforeSuite warmUpSeleniumManager -->
  <testcase classname="BaseTest" name="@BeforeSuite warmUpSeleniumManager" time="0.0">
    <ignored/>
  </testcase> <!-- @BeforeSuite warmUpSeleniumManager -->
  <testcase classname="BaseTest" name="@BeforeSuite warmUpSeleniumManager" time="0.0">
    <ignored/>
  </testcase> <!-- @BeforeSuite warmUpSeleniumManager -->
  <testcase classname="BaseTest" name="@BeforeSuite warmUpSeleniumManager" time="0.0">
    <ignored/>
  </testcase> <!-- @BeforeSuite warmUpSeleniumManager -->
</testsuite> <!-- WikipediaTest -->
