<?xml version="1.0" encoding="UTF-8"?>
<testsuite xmlns:xsi="http://www.w3.org/2001/XMLSchema-instance" xsi:noNamespaceSchemaLocation="https://maven.apache.org/surefire/maven-surefire-plugin/xsd/surefire-test-report-3.0.xsd" version="3.0" name="TestSuite" time="241.664" tests="70" errors="0" skipped="0" failures="0">
  <properties>
[...]
</properties>
  <testcase name="verifyAllContentSections" classname="WikipediaTest01" time="0.166">
    <system-out><![CDATA[[BeforeSuite] Chrome binary ready. ExtentReports initialised.
Section verified: From today's featured article
Section verified: Did you know
Section verified: In the news
Section verified: On this day
All content sections verified correctly.
]]></system-out>
    <system-err><![CDATA[SLF4J: Failed to load class "org.slf4j.impl.StaticLoggerBinder".
SLF4J: Defaulting to no-operation (NOP) logger implementation
SLF4J: See http://www.slf4j.org/codes.html#StaticLoggerBinder for further details.
]]></system-err>
  </testcase>
  <testcase name="verifyAvailableLanguages" classname="WikipediaTest01" time="0.107">
    <system-out><![CDATA[[initDriver] Attempt 1 failed: Could not start a new session. Response code 500. Message: session not created: Chrome instance exited. Examine ChromeDriver verbose log to determine the cause. 
Host info: host: 'agropecuario', ip: '127.0.1.1'
Build info: version: '4.16.0', revision: '15400459dd*'
System info: os.name: 'Linux', os.arch: 'amd64', os.version: '5.15.0-171-generic', java.version: '17.0.18'
Driver info: org.openqa.selenium.chrome.ChromeDriver
Command: [null, newSession {capabilities=[Capabilities {browserName: chrome, goog:chromeOptions: {args: [--headless=new, --no-sandbox, --disable-dev-shm-usage, --disable-gpu, --window-size=1920,1080, --disable-notifications, --disable-infobars, --remote-allow-origins=*], binary: /home/agropecuario/.cache/s..., extensions: []}}]}]. Retrying in 2 s...
Language selector verified correctly.
]]></system-out>
  </testcase>
  <testcase name="verifyFooterLinksExist" classname="WikipediaTest01" time="0.131">
    <system-out><![CDATA[Footer link verified: Privacy policy
Footer link verified: About Wikipedia
Footer link verified: Disclaimers
Footer link verified: Contact Wikipedia
Footer links verified correctly.
]]></system-out>
  </testcase>
  <testcase name="verifyMainPageStructure" classname="WikipediaTest01" time="0.103">
    <system-out><![CDATA[Main structure verified correctly.
]]></system-out>
  </testcase>
  <testcase name="verifyPageHeaderTabs" classname="WikipediaTest01" time="0.143">
    <system-out><![CDATA[Header tab verified: Main Page
Header tab verified: Talk
Header tab verified: Read
Header tab verified: View source
Header tab verified: View history
Page header tabs verified correctly.
]]></system-out>
  </testcase>
  <testcase name="verifySearchFunctionality" classname="WikipediaTest01" time="0.87">
    <system-out><![CDATA[Search functionality verified correctly.
]]></system-out>
  </testcase>
  <testcase name="verifySidebarNavigationMenu" classname="WikipediaTest01" time="0.257">
    <system-out><![CDATA[Menu link verified: Main page
Menu link verified: Contents
Menu link verified: Current events
Menu link verified: Random article
Menu link verified: About Wikipedia
Menu link verified: Contact us
Sidebar navigation menu verified correctly.
]]></system-out>
  </testcase>
  <testcase name="verifySisterProjectsSection" classname="WikipediaTest01" time="0.187">
    <system-out><![CDATA[Sister projects section verified correctly.
]]></system-out>
  </testcase>
  <testcase name="verifyTodayFeaturedArticleExists" classname="WikipediaTest01" time="0.062">
    <system-out><![CDATA[Featured article section verified correctly.
]]></system-out>
  </testcase>
  <testcase name="verifyWikipediaLogoLinksToMainPage" classname="WikipediaTest01" time="0.623">
    <system-out><![CDATA[Logo link verified correctly.
]]></system-out>
  </testcase>
  <testcase name="verifyAllContentSections" classname="WikipediaTest02" time="0.171">
    <system-out><![CDATA[Section verified: Release
Section verified: Design
Section verified: Reception
Section verified: References
All content sections verified correctly.
]]></system-out>
  </testcase>
  <testcase name="verifyArticlePageStructure" classname="WikipediaTest02" time="0.15">
    <system-out><![CDATA[Article structure verified correctly.
]]></system-out>
  </testcase>
  <testcase name="verifyFooterLinksExist" classname="WikipediaTest02" time="0.185">
    <system-out><![CDATA[Footer link verified: Privacy policy
Footer link verified: About Wikipedia
Footer link verified: Disclaimers
Footer link verified: Contact Wikipedia
Footer links verified correctly.
]]></system-out>
  </testcase>
  <testcase name="verifyModelsSubsections" classname="WikipediaTest02" time="0.204">
    <system-out><![CDATA[Model subsection verified: T-8 Beat Machine
Model subsection verified: J-6 Chord Synthesizer
Model subsection verified: E-4 Voice Tweaker
Model subsection verified: S-1 Tweak Synth
Model subsection verified: P-6 Creative Sampler
Models subsections verified correctly.
]]></system-out>
  </testcase>
  <testcase name="verifyPageHeaderTabs" classname="WikipediaTest02" time="0.197">
    <system-out><![CDATA[Header tab verified: Article
Header tab verified: Talk
Header tab verified: Read
Header tab verified: Edit
Header tab verified: View history
Page header tabs verified correctly.
]]></system-out>
  </testcase>
  <testcase name="verifySidebarNavigationMenu" classname="WikipediaTest02" time="0.3">
    <system-out><![CDATA[Menu link verified: Main page
Menu link verified: Contents
Menu link verified: Current events
Menu link verified: Random article
Menu link verified: About Wikipedia
Menu link verified: Contact us
Sidebar navigation menu verified correctly.
]]></system-out>
  </testcase>
  <testcase name="verifyAllContentSections" classname="WikipediaTest03" time="0.17">
    <system-out><![CDATA[Section verified: Design and features
Section verified: Legacy
Section verified: Successors
Section verified: References
All content sections verified correctly.
]]></system-out>
  </testcase>
  <testcase name="verifyArticlePageStructure" classname="WikipediaTest03" time="0.181">
    <system-out><![CDATA[Article structure verified correctly.
]]></system-out>
  </testcase>
  <testcase name="verifyFooterLinksExist" classname="WikipediaTest03" time="0.186">
    <system-out><![CDATA[Footer link verified: Privacy policy
Footer link verified: About Wikipedia
Footer link verified: Disclaimers
Footer link verified: Contact Wikipedia
Footer links verified correctly.
]]></system-out>
  </testcase>
  <testcase name="verifyPageHeaderTabs" classname="WikipediaTest03" time="0.22">
    <system-out><![CDATA[Header tab verified: Article
Header tab verified: Talk
Header tab verified: Read
Header tab verified: Edit
Header tab verified: View history
Page header tabs verified correctly.
]]></system-out>
  </testcase>
  <testcase name="verifySidebarNavigationMenu" classname="WikipediaTest03" time="0.313">
    <system-out><![CDATA[Menu link verified: Main page
Menu link verified: Contents
Menu link verified: Current events
Menu link verified: Random article
Menu link verified: About Wikipedia
Menu link verified: Contact us
Sidebar navigation menu verified correctly.
]]></system-out>
  </testcase>
  <testcase name="verifyTechnicalSpecificationsInInfobox" classname="WikipediaTest03" time="0.16">
    <system-out><![CDATA[All technical specifications verified correctly.
]]></system-out>
  </testcase>
  <testcase name="verifyDesignSection" classname="WikipediaTest04" time="0.677">
    <system-out><![CDATA[Design section verified correctly.
]]></system-out>
  </testcase>
  <testcase name="verifyExternalLinks" classname="WikipediaTest04" time="0.702">
    <system-out><![CDATA[External links verified correctly.
]]></system-out>
  </testcase>
  <testcase name="verifyHistorySection" classname="WikipediaTest04" time="0.667">
    <system-out><![CDATA[History section verified correctly.
]]></system-out>
  </testcase>
  <testcase name="verifyInfoboxWebsiteLink" classname="WikipediaTest04" time="0.682">
    <system-out><![CDATA[Infobox website link verified correctly.
]]></system-out>
  </testcase>
  <testcase name="verifyFeaturesSection" classname="WikipediaTest05" time="0.785">
    <system-out><![CDATA[Sounds and features section verified correctly.
 - Single-oscillator analog synthesizers mentioned
 - Chorus effect mentioned
]]></system-out>
  </testcase>
  <testcase name="verifySoftwareEmulationsSection" classname="WikipediaTest05" time="0.887">
    <system-out><![CDATA[Software emulations section verified correctly.
 - TAL U-NO-62 mentioned
 - Arturia Chorus JUN-6 mentioned
]]></system-out>
  </testcase>
  <testcase name="verifySuccessorsSection" classname="WikipediaTest05" time="0.758">
    <system-out><![CDATA[Successors section verified correctly.
 - Juno-106 mentioned
 - Juno-X mentioned
]]></system-out>
  </testcase>
  <testcase name="verifyTechnicalSpecifications" classname="WikipediaTest05" time="0.921">
    <system-out><![CDATA[Technical specifications verified correctly.
 - Polyphony: 6 voices
 - Oscillator: 1 DCO per voice
]]></system-out>
  </testcase>
  <testcase name="verifyCompatibilityTable" classname="WikipediaTest06" time="0.58">
    <system-out><![CDATA[Compatibility table verified correctly.
]]></system-out>
  </testcase>
  <testcase name="verifyConnectorsSubsections" classname="WikipediaTest06" time="0.217">
    <system-out><![CDATA[Subsection verified: Types
Subsection verified: Internal connectors
Connectors subsections verified correctly.
]]></system-out>
  </testcase>
  <testcase name="verifyTypesSubSubsections" classname="WikipediaTest06" time="0.15">
    <system-out><![CDATA[[initDriver] Attempt 1 failed: Could not start a new session. Response code 500. Message: session not created: Chrome instance exited. Examine ChromeDriver verbose log to determine the cause. 
Host info: host: 'agropecuario', ip: '127.0.1.1'
Build info: version: '4.16.0', revision: '15400459dd*'
System info: os.name: 'Linux', os.arch: 'amd64', os.version: '5.15.0-171-generic', java.version: '17.0.18'
Driver info: org.openqa.selenium.chrome.ChromeDriver
Command: [null, newSession {capabilities=[Capabilities {browserName: chrome, goog:chromeOptions: {args: [--headless=new, --no-sandbox, --disable-dev-shm-usage, --disable-gpu, --window-size=1920,1080, --disable-notifications, --disable-infobars, --remote-allow-origins=*], binary: /home/agropecuario/.cache/s..., extensions: []}}]}]. Retrying in 2 s...
Sub-subsection verified: Standard connectors
Sub-subsection verified: Mini connectors
Sub-subsection verified: Micro connectors
Sub-subsection verified: USB-C
Types sub-subsections verified correctly.
]]></system-out>
  </testcase>
  <testcase name="verifyUSBConnectorsSection" classname="WikipediaTest06" time="0.087">
    <system-out><![CDATA[Both connectors found:
 - Standard-A
 - Type-C
]]></system-out>
  </testcase>
  <testcase name="verifyArticlePageStructure" classname="WikipediaTest07" time="0.258">
    <system-out><![CDATA[Article structure verified correctly.
]]></system-out>
  </testcase>
  <testcase name="verifyCorporateInfoboxDetails" classname="WikipediaTest07" time="0.345">
    <system-out><![CDATA[Infobox detail verified: Glendale, California
Infobox detail verified: Universal Pictures
Infobox detail verified: Animation
Corporate infobox details verified correctly.
]]></system-out>
  </testcase>
  <testcase name="verifyFooterLinksExist" classname="WikipediaTest07" time="0.368">
    <system-out><![CDATA[Footer link verified: Privacy policy
Footer link verified: About Wikipedia
Footer link verified: Disclaimers
Footer link verified: Contact Wikipedia
Footer links verified correctly.
]]></system-out>
  </testcase>
  <testcase name="verifyMainContentSections" classname="WikipediaTest07" time="0.203">
    <system-out><![CDATA[Section verified: History
Section verified: References
Main content sections verified correctly.
]]></system-out>
  </testcase>
  <testcase name="verifyMajorFilmsMentions" classname="WikipediaTest07" time="0.435">
    <system-out><![CDATA[Film mention verified: Shrek
Film mention verified: Madagascar
Film mention verified: Kung Fu Panda
Film mention verified: How to Train Your Dragon
Film mention verified: The Boss Baby
Major films mentions verified correctly.
]]></system-out>
  </testcase>
  <testcase name="verifyPageHeaderTabs" classname="WikipediaTest07" time="0.308">
    <system-out><![CDATA[Header tab verified: Article
Header tab verified: Talk
Header tab verified: Read
Header tab verified: View history
Page header tabs verified correctly.
]]></system-out>
  </testcase>
  <testcase name="verifySidebarNavigationMenu" classname="WikipediaTest07" time="0.434">
    <system-out><![CDATA[Menu link verified: Main page
Menu link verified: Contents
Menu link verified: Current events
Menu link verified: Random article
Menu link verified: About Wikipedia
Menu link verified: Contact us
Sidebar navigation menu verified correctly.
]]></system-out>
  </testcase>
  <testcase name="takeScreenshot" classname="WikipediaTest08" time="0.281">
    <system-out><![CDATA[Screenshot saved as motogp-2025-wikipedia.png
]]></system-out>
  </testcase>
  <testcase name="verifyCalendarSection" classname="WikipediaTest08" time="0.19">
    <system-out><![CDATA[Calendar section verified successfully
]]></system-out>
  </testcase>
  <testcase name="verifyDefendingChampionJorgeMartin" classname="WikipediaTest08" time="1.63">
    <system-out><![CDATA[Jorge Martín information verified successfully
]]></system-out>
  </testcase>
  <testcase name="verifyMainTeams" classname="WikipediaTest08" time="2.113">
    <system-out><![CDATA[Main teams information verified successfully
]]></system-out>
  </testcase>
  <testcase name="verifyMarcMarquezInformation" classname="WikipediaTest08" time="1.801">
    <system-out><![CDATA[Marc Márquez information verified successfully
]]></system-out>
  </testcase>
  <testcase name="verifyPageTitle" classname="WikipediaTest08" time="0.04">
    <system-out><![CDATA[Page title verified successfully
]]></system-out>
  </testcase>
  <testcase name="verifyReferenceLinks" classname="WikipediaTest08" time="0.311">
    <system-out><![CDATA[Found 244 reference links
]]></system-out>
  </testcase>
  <testcase name="verifyResultsTables" classname="WikipediaTest08" time="0.151">
    <system-out><![CDATA[Found 10 results tables
]]></system-out>
  </testcase>
  <testcase name="verifyRidersSection" classname="WikipediaTest08" time="0.165">
    <system-out><![CDATA[Riders section verified successfully
]]></system-out>
  </testcase>
  <testcase name="verifySeasonChanges" classname="WikipediaTest08" time="1.599">
    <system-out><![CDATA[Season changes section verified successfully
]]></system-out>
  </testcase>
  <testcase name="verifyTableOfContents" classname="WikipediaTest08" time="0.161">
    <system-out><![CDATA[Table of contents verified successfully
]]></system-out>
  </testcase>
  <testcase name="quickVerificationOfMultipleMediaWikiSites" classname="WikipediaTest09" time="8.235">
    <system-out><![CDATA[[initDriver] Attempt 1 failed: Could not start a new session. Response code 500. Message: session not created: Chrome instance exited. Examine ChromeDriver verbose log to determine the cause. 
Host info: host: 'agropecuario', ip: '127.0.1.1'
Build info: version: '4.16.0', revision: '15400459dd*'
System info: os.name: 'Linux', os.arch: 'amd64', os.version: '5.15.0-171-generic', java.version: '17.0.18'
Driver info: org.openqa.selenium.chrome.ChromeDriver
Command: [null, newSession {capabilities=[Capabilities {browserName: chrome, goog:chromeOptions: {args: [--headless=new, --no-sandbox, --disable-dev-shm-usage, --disable-gpu, --window-size=1920,1080, --disable-notifications, --disable-infobars, --remote-allow-origins=*], binary: /home/agropecuario/.cache/s..., extensions: []}}]}]. Retrying in 2 s...

=== Quick verification of all sites ===
✓ Wikipedia: MediaWiki detected
✓ Wikimedia Commons: MediaWiki detected
✓ Wikidata: MediaWiki detected
✓ Wikivoyage: MediaWiki detected
✓ Wiktionary: MediaWiki detected
✓ MediaWiki: MediaWiki detected
✓ Wikiversity: MediaWiki detected
✓ Wikinews: MediaWiki detected

=== SUMMARY ===
Sites verified: 8
MediaWiki sites confirmed: 8
Success rate: 100.0%
]]></system-out>
  </testcase>
  <testcase name="verifyMediaWikiSiteStructureAndLinks[Wikipedia, https://en.wikipedia.org/wiki/Main_Page](1)" classname="WikipediaTest09" time="11.927">
    <system-out><![CDATA[
=== Verifying: Wikipedia ===
Page title: Wikipedia, the free encyclopedia
Generator: MediaWiki 1.46.0-wmf.19
✓ Main navigation visible
✓ Main content visible
Internal links with text found: 221
  Link #1: "Main Page" → https://en.wikipedia.org/wiki/Main_Page
  Link #2: "Talk" → https://en.wikipedia.org/wiki/Talk:Main_Page
  Link #3: "Read" → https://en.wikipedia.org/wiki/Main_Page
  Link #4: "Wikipedia" → https://en.wikipedia.org/wiki/Wikipedia
  Link #5: "free" → https://en.wikipedia.org/wiki/Free_content
✓ Footer with MediaWiki link found

✓ Wikipedia verified successfully

]]></system-out>
  </testcase>
  <testcase name="verifyMediaWikiSiteStructureAndLinks[Wikimedia Commons, https://commons.wikimedia.org/wiki/Main_Page](2)" classname="WikipediaTest09" time="7.437">
    <system-out><![CDATA[
=== Verifying: Wikimedia Commons ===
Page title: Wikimedia Commons
Generator: MediaWiki 1.46.0-wmf.19
✓ Main navigation visible
✓ Main content visible
Internal links with text found: 236
  Link #1: "Main Page" → https://commons.wikimedia.org/wiki/Main_Page
  Link #2: "Discussion" → https://commons.wikimedia.org/wiki/Talk:Main_Page
  Link #3: "Read" → https://commons.wikimedia.org/wiki/Main_Page
  Link #4: "136,336,040" → https://commons.wikimedia.org/wiki/Special:Statistics
  Link #5: "freely usable" → https://commons.wikimedia.org/wiki/Commons:Reusing_content_outside_Wikimedia
✓ Footer with MediaWiki link found

✓ Wikimedia Commons verified successfully

]]></system-out>
  </testcase>
  <testcase name="verifyMediaWikiSiteStructureAndLinks[Wikidata, https://www.wikidata.org/wiki/Wikidata:Main_Page](3)" classname="WikipediaTest09" time="3.58">
    <system-out><![CDATA[
=== Verifying: Wikidata ===
Page title: Wikidata
Generator: MediaWiki 1.46.0-wmf.19
✓ Main navigation visible
✓ Main content visible
Internal links with text found: 78
  Link #1: "Main Page" → https://www.wikidata.org/wiki/Wikidata:Main_Page
  Link #2: "Discussion" → https://www.wikidata.org/wiki/Wikidata_talk:Main_Page
  Link #3: "Read" → https://www.wikidata.org/wiki/Wikidata:Main_Page
  Link #4: "free" → https://foundation.wikimedia.org/wiki/Terms_of_Use
  Link #5: "120,802,795" → https://www.wikidata.org/wiki/Special:Statistics
✓ Footer with MediaWiki link found

✓ Wikidata verified successfully

]]></system-out>
  </testcase>
  <testcase name="verifyMediaWikiSiteStructureAndLinks[Wikivoyage, https://en.wikivoyage.org/wiki/Main_Page](4)" classname="WikipediaTest09" time="4.196">
    <system-out><![CDATA[
=== Verifying: Wikivoyage ===
Page title: Wikivoyage – The free worldwide travel guide that you can edit
Generator: MediaWiki 1.46.0-wmf.19
✓ Main navigation visible
✓ Main content visible
Internal links with text found: 69
  Link #1: "Main Page" → https://en.wikivoyage.org/wiki/Main_Page
  Link #2: "Discussion" → https://en.wikivoyage.org/wiki/Talk:Main_Page
  Link #3: "Read" → https://en.wikivoyage.org/wiki/Main_Page
  Link #4: "Welcome" → https://en.wikivoyage.org/wiki/Wikivoyage:Welcome,_newcomers
  Link #5: "Wikivoyage" → https://en.wikivoyage.org/wiki/Wikivoyage:About
✓ Footer with MediaWiki link found

✓ Wikivoyage verified successfully

]]></system-out>
  </testcase>
  <testcase name="verifyMediaWikiSiteStructureAndLinks[Wiktionary, https://en.wiktionary.org/wiki/Wiktionary:Main_Page](5)" classname="WikipediaTest09" time="11.967">
    <system-out><![CDATA[
=== Verifying: Wiktionary ===
Page title: Wiktionary, the free dictionary
Generator: MediaWiki 1.46.0-wmf.19
✓ Main navigation visible
✓ Main content visible
Internal links with text found: 354
  Link #1: "Main Page" → https://en.wiktionary.org/wiki/Wiktionary:Main_Page
  Link #2: "Discussion" → https://en.wiktionary.org/wiki/Wiktionary_talk:Main_Page
  Link #3: "Read" → https://en.wiktionary.org/wiki/Wiktionary:Main_Page
  Link #4: "free" → https://en.wiktionary.org/wiki/free
  Link #5: "9,901,662" → https://en.wiktionary.org/wiki/Special:Statistics
✓ Footer with MediaWiki link found

✓ Wiktionary verified successfully

]]></system-out>
  </testcase>
  <testcase name="verifyMediaWikiSiteStructureAndLinks[MediaWiki, https://www.mediawiki.org/wiki/MediaWiki](6)" classname="WikipediaTest09" time="3.293">
    <system-out><![CDATA[
=== Verifying: MediaWiki ===
Page title: MediaWiki
Generator: MediaWiki 1.46.0-wmf.19
✓ Main navigation visible
✓ Main content visible
Internal links with text found: 91
  Link #1: "Main Page" → https://www.mediawiki.org/wiki/MediaWiki
  Link #2: "Discussion" → https://www.mediawiki.org/wiki/Talk:MediaWiki
  Link #3: "Read" → https://www.mediawiki.org/wiki/MediaWiki
  Link #4: "Wikimedia Hackathon 2025" → https://www.mediawiki.org/wiki/Special:MyLanguage/Wikimedia_Hackathon_2025
  Link #5: "tens of thousands of websites" → https://www.mediawiki.org/wiki/Special:MyLanguage/Sites_using_MediaWiki
✓ Footer with MediaWiki link found

✓ MediaWiki verified successfully

]]></system-out>
  </testcase>
  <testcase name="verifyMediaWikiSiteStructureAndLinks[Wikiversity, https://en.wikiversity.org/wiki/Wikiversity:Main_Page](7)" classname="WikipediaTest09" time="4.034">
    <system-out><![CDATA[
=== Verifying: Wikiversity ===
Page title: Wikiversity
Generator: MediaWiki 1.46.0-wmf.18
✓ Main navigation visible
✓ Main content visible
Internal links with text found: 90
  Link #1: "Main Page" → https://en.wikiversity.org/wiki/Wikiversity:Main_Page
  Link #2: "Discuss" → https://en.wikiversity.org/wiki/Wikiversity_talk:Main_Page
  Link #3: "Read" → https://en.wikiversity.org/wiki/Wikiversity:Main_Page
  Link #4: "Welcome" → https://en.wikiversity.org/wiki/Wikiversity:Welcome
  Link #5: "Set learning free" → https://en.wikiversity.org/wiki/Wikiversity:Introduction
✓ Footer with MediaWiki link found

✓ Wikiversity verified successfully

]]></system-out>
  </testcase>
  <testcase name="verifyMediaWikiSiteStructureAndLinks[Wikinews, https://en.wikinews.org/wiki/Main_Page](8)" classname="WikipediaTest09" time="5.592">
    <system-out><![CDATA[
=== Verifying: Wikinews ===
Page title: Wikinews, the free news source
Generator: MediaWiki 1.46.0-wmf.19
✓ Main navigation visible
✓ Main content visible
Internal links with text found: 161
  Link #1: "Main Page" → https://en.wikinews.org/wiki/Main_Page
  Link #2: "Collaboration" → https://en.wikinews.org/wiki/Talk:Main_Page
  Link #3: "Read" → https://en.wikinews.org/wiki/Main_Page
  Link #4: "you can write!" → https://en.wikinews.org/wiki/Wikinews:Introduction
  Link #5: "UTC" → https://en.wikipedia.org/wiki/Coordinated_Universal_Time
✓ Footer with MediaWiki link found

✓ Wikinews verified successfully

]]></system-out>
  </testcase>
  <testcase name="completeDonationFlowValidation" classname="WikipediaTest10" time="1.34">
    <system-out><![CDATA[Starting complete donation flow test...
✓ Step 1: Amount selected
✓ Step 2: Form remains visible
✓ Step 3: Next step/submit button available: "Donate by direct debit (SEPA)"
Donation flow validation complete (stopped before payment)
]]></system-out>
  </testcase>
  <testcase name="verifyCountrySelectionShowsSpain" classname="WikipediaTest10" time="60.377">
    <system-out><![CDATA[✓ Country parameter (ES) verified in URL
]]></system-out>
  </testcase>
  <testcase name="verifyCurrencyIsSetToEUR" classname="WikipediaTest10" time="0.953">
    <system-out><![CDATA[✓ Found 14 references to EUR/€
]]></system-out>
  </testcase>
  <testcase name="verifyDonationAmountOptions" classname="WikipediaTest10" time="0.975">
    <system-out><![CDATA[[initDriver] Attempt 1 failed: Could not start a new session. Response code 500. Message: session not created: Chrome instance exited. Examine ChromeDriver verbose log to determine the cause. 
Host info: host: 'agropecuario', ip: '127.0.1.1'
Build info: version: '4.16.0', revision: '15400459dd*'
System info: os.name: 'Linux', os.arch: 'amd64', os.version: '5.15.0-171-generic', java.version: '17.0.18'
Driver info: org.openqa.selenium.chrome.ChromeDriver
Command: [null, newSession {capabilities=[Capabilities {browserName: chrome, goog:chromeOptions: {args: [--headless=new, --no-sandbox, --disable-dev-shm-usage, --disable-gpu, --window-size=1920,1080, --disable-notifications, --disable-infobars, --remote-allow-origins=*], binary: /home/agropecuario/.cache/s..., extensions: []}}]}]. Retrying in 2 s...
✓ Found 8 amount selection options
✓ Amount options are visible
]]></system-out>
  </testcase>
  <testcase name="verifyDonationFrequencyOptions" classname="WikipediaTest10" time="0.482">
    <system-out><![CDATA[✓ Found 3 frequency options
]]></system-out>
  </testcase>
  <testcase name="verifyDonationPageLoadsCorrectly" classname="WikipediaTest10" time="0.656">
    <system-out><![CDATA[✓ Donation page title verified
✓ Donation form is visible
]]></system-out>
  </testcase>
  <testcase name="verifyDonationSubmitButton" classname="WikipediaTest10" time="0.633">
    <system-out><![CDATA[✓ Submit button found: "Donate by direct debit (SEPA)"
]]></system-out>
  </testcase>
  <testcase name="verifyPaymentMethodOptions" classname="WikipediaTest10" time="0.564">
    <system-out><![CDATA[✓ Payment options found in page content
]]></system-out>
  </testcase>
  <testcase name="verifyWikimediaBrandingAndTrustIndicators" classname="WikipediaTest10" time="1.298">
    <system-out><![CDATA[✓ Wikimedia branding/logo visible
✓ Found 2 trust/security indicators
]]></system-out>
  </testcase>
</testsuite>