<?xml version="1.0" encoding="UTF-8"?>
<!-- Generated by org.testng.reporters.JUnitReportReporter -->
<testsuite hostname="agropecuario" failures="0" tests="4" name="WikipediaTest04" time="4.320" errors="0" timestamp="2026-03-14T17:09:44 CET" skipped="0">
  <testcase classname="WikipediaTest04" name="verifyExternalLinks" time="1.136"/>
  <testcase classname="WikipediaTest04" name="verifyHistorySection" time="1.025"/>
  <testcase classname="WikipediaTest04" name="verifyInfoboxWebsiteLink" time="1.065"/>
  <testcase classname="WikipediaTest04" name="verifyDesignSection" time="1.094"/>
</testsuite> <!-- WikipediaTest04 -->
