<?xml version="1.0" encoding="UTF-8"?>
<!-- Generated by org.testng.reporters.JUnitReportReporter -->
<testsuite hostname="agropecuario" failures="0" tests="9" name="WikipediaTest09" time="67.584" errors="0" timestamp="2026-03-14T15:37:31 CET" skipped="0">
  <testcase classname="WikipediaTest09" name="quickVerificationOfMultipleMediaWikiSites" time="8.661"/>
  <testcase classname="WikipediaTest09" name="verifyMediaWikiSiteStructureAndLinks" time="6.328"/>
  <testcase classname="WikipediaTest09" name="verifyMediaWikiSiteStructureAndLinks" time="14.057"/>
  <testcase classname="WikipediaTest09" name="verifyMediaWikiSiteStructureAndLinks" time="4.566"/>
  <testcase classname="WikipediaTest09" name="verifyMediaWikiSiteStructureAndLinks" time="4.544"/>
  <testcase classname="WikipediaTest09" name="verifyMediaWikiSiteStructureAndLinks" time="4.590"/>
  <testcase classname="WikipediaTest09" name="verifyMediaWikiSiteStructureAndLinks" time="8.097"/>
  <testcase classname="WikipediaTest09" name="verifyMediaWikiSiteStructureAndLinks" time="3.999"/>
  <testcase classname="WikipediaTest09" name="verifyMediaWikiSiteStructureAndLinks" time="12.742"/>
</testsuite> <!-- WikipediaTest09 -->
