<?xml version="1.0" encoding="UTF-8"?>
<!-- Generated by org.testng.reporters.JUnitReportReporter -->
<testsuite hostname="agropecuario" failures="0" tests="9" name="WikipediaTest09" time="70.258" errors="0" timestamp="2026-03-14T15:29:25 CET" skipped="0">
  <testcase classname="WikipediaTest09" name="verifyMediaWikiSiteStructureAndLinks" time="12.091"/>
  <testcase classname="WikipediaTest09" name="verifyMediaWikiSiteStructureAndLinks" time="4.860"/>
  <testcase classname="WikipediaTest09" name="verifyMediaWikiSiteStructureAndLinks" time="3.868"/>
  <testcase classname="WikipediaTest09" name="verifyMediaWikiSiteStructureAndLinks" time="6.119"/>
  <testcase classname="WikipediaTest09" name="verifyMediaWikiSiteStructureAndLinks" time="19.785"/>
  <testcase classname="WikipediaTest09" name="verifyMediaWikiSiteStructureAndLinks" time="3.815"/>
  <testcase classname="WikipediaTest09" name="verifyMediaWikiSiteStructureAndLinks" time="4.574"/>
  <testcase classname="WikipediaTest09" name="verifyMediaWikiSiteStructureAndLinks" time="7.699"/>
  <testcase classname="WikipediaTest09" name="quickVerificationOfMultipleMediaWikiSites" time="7.447"/>
</testsuite> <!-- WikipediaTest09 -->
