<?xml version="1.0" encoding="UTF-8"?>
<!-- Generated by org.testng.reporters.JUnitReportReporter -->
<testsuite hostname="agropecuario" failures="0" tests="4" name="WikipediaTest04" time="5.068" errors="0" timestamp="2026-03-14T15:29:25 CET" skipped="0">
  <testcase classname="WikipediaTest04" name="verifyHistorySection" time="1.371"/>
  <testcase classname="WikipediaTest04" name="verifyDesignSection" time="1.145"/>
  <testcase classname="WikipediaTest04" name="verifyInfoboxWebsiteLink" time="1.241"/>
  <testcase classname="WikipediaTest04" name="verifyExternalLinks" time="1.311"/>
</testsuite> <!-- WikipediaTest04 -->
