<?xml version="1.0" encoding="UTF-8"?>
<!-- Generated by org.testng.reporters.JUnitReportReporter -->
<testsuite hostname="agropecuario" failures="0" tests="10" name="WikipediaTest01" time="19.900" errors="0" timestamp="2026-03-14T17:09:44 CET" skipped="0">
  <testcase classname="WikipediaTest01" name="verifyAvailableLanguages" time="1.170"/>
  <testcase classname="WikipediaTest01" name="verifySidebarNavigationMenu" time="1.325"/>
  <testcase classname="WikipediaTest01" name="verifyWikipediaLogoLinksToMainPage" time="1.672"/>
  <testcase classname="WikipediaTest01" name="verifySisterProjectsSection" time="1.314"/>
  <testcase classname="WikipediaTest01" name="verifyFooterLinksExist" time="7.391"/>
  <testcase classname="WikipediaTest01" name="verifyTodayFeaturedArticleExists" time="1.206"/>
  <testcase classname="WikipediaTest01" name="verifySearchFunctionality" time="1.929"/>
  <testcase classname="WikipediaTest01" name="verifyAllContentSections" time="1.229"/>
  <testcase classname="WikipediaTest01" name="verifyMainPageStructure" time="1.352"/>
  <testcase classname="WikipediaTest01" name="verifyPageHeaderTabs" time="1.312"/>
</testsuite> <!-- WikipediaTest01 -->
