<?xml version="1.0" encoding="UTF-8"?>
<!-- Generated by org.testng.reporters.JUnitReportReporter -->
<testsuite hostname="agropecuario" failures="0" tests="9" name="WikipediaTest10" time="18.639" errors="0" timestamp="2026-03-14T15:29:25 CET" skipped="0">
  <testcase classname="WikipediaTest10" name="verifyDonationFrequencyOptions" time="0.989"/>
  <testcase classname="WikipediaTest10" name="verifyCurrencyIsSetToEUR" time="1.892"/>
  <testcase classname="WikipediaTest10" name="completeDonationFlowValidation" time="1.882"/>
  <testcase classname="WikipediaTest10" name="verifyDonationPageLoadsCorrectly" time="1.001"/>
  <testcase classname="WikipediaTest10" name="verifyPaymentMethodOptions" time="0.993"/>
  <testcase classname="WikipediaTest10" name="verifyDonationSubmitButton" time="1.725"/>
  <testcase classname="WikipediaTest10" name="verifyWikimediaBrandingAndTrustIndicators" time="1.525"/>
  <testcase classname="WikipediaTest10" name="verifyCountrySelectionShowsSpain" time="6.971"/>
  <testcase classname="WikipediaTest10" name="verifyDonationAmountOptions" time="1.661"/>
</testsuite> <!-- WikipediaTest10 -->
