<?xml version="1.0" encoding="UTF-8"?>
<!-- Generated by org.testng.reporters.JUnitReportReporter -->
<testsuite hostname="agropecuario" failures="0" tests="4" name="WikipediaTest06" time="5.896" errors="0" timestamp="2026-03-14T15:37:31 CET" skipped="0">
  <testcase classname="WikipediaTest06" name="verifyTypesSubSubsections" time="1.410"/>
  <testcase classname="WikipediaTest06" name="verifyConnectorsSubsections" time="1.280"/>
  <testcase classname="WikipediaTest06" name="verifyCompatibilityTable" time="1.702"/>
  <testcase classname="WikipediaTest06" name="verifyUSBConnectorsSection" time="1.504"/>
</testsuite> <!-- WikipediaTest06 -->
