<?xml version="1.0" encoding="UTF-8"?>
<!-- Generated by org.testng.reporters.JUnitReportReporter -->
<testsuite hostname="agropecuario" failures="0" tests="11" name="WikipediaTest08" time="25.892" errors="0" timestamp="2026-03-14T15:37:31 CET" skipped="0">
  <testcase classname="WikipediaTest08" name="verifyDefendingChampionJorgeMartin" time="3.855"/>
  <testcase classname="WikipediaTest08" name="verifyCalendarSection" time="1.295"/>
  <testcase classname="WikipediaTest08" name="verifyResultsTables" time="1.177"/>
  <testcase classname="WikipediaTest08" name="takeScreenshot" time="1.757"/>
  <testcase classname="WikipediaTest08" name="verifySeasonChanges" time="3.821"/>
  <testcase classname="WikipediaTest08" name="verifyReferenceLinks" time="1.710"/>
  <testcase classname="WikipediaTest08" name="verifyMainTeams" time="3.222"/>
  <testcase classname="WikipediaTest08" name="verifyMarcMarquezInformation" time="3.973"/>
  <testcase classname="WikipediaTest08" name="verifyPageTitle" time="1.570"/>
  <testcase classname="WikipediaTest08" name="verifyTableOfContents" time="1.637"/>
  <testcase classname="WikipediaTest08" name="verifyRidersSection" time="1.875"/>
</testsuite> <!-- WikipediaTest08 -->
