<?xml version="1.0" encoding="UTF-8"?>
<!-- Generated by org.testng.reporters.JUnitReportReporter -->
<testsuite hostname="agropecuario" failures="0" tests="11" name="WikipediaTest08" time="21.726" errors="0" timestamp="2026-03-14T17:09:44 CET" skipped="0">
  <testcase classname="WikipediaTest08" name="verifyDefendingChampionJorgeMartin" time="2.799"/>
  <testcase classname="WikipediaTest08" name="verifyMainTeams" time="3.473"/>
  <testcase classname="WikipediaTest08" name="verifyPageTitle" time="1.174"/>
  <testcase classname="WikipediaTest08" name="verifyReferenceLinks" time="1.749"/>
  <testcase classname="WikipediaTest08" name="verifyTableOfContents" time="1.225"/>
  <testcase classname="WikipediaTest08" name="takeScreenshot" time="1.543"/>
  <testcase classname="WikipediaTest08" name="verifyResultsTables" time="1.203"/>
  <testcase classname="WikipediaTest08" name="verifyRidersSection" time="1.226"/>
  <testcase classname="WikipediaTest08" name="verifyCalendarSection" time="1.489"/>
  <testcase classname="WikipediaTest08" name="verifySeasonChanges" time="2.817"/>
  <testcase classname="WikipediaTest08" name="verifyMarcMarquezInformation" time="3.028"/>
</testsuite> <!-- WikipediaTest08 -->
