<?xml version="1.0" encoding="UTF-8"?>
<!-- Generated by org.testng.reporters.JUnitReportReporter -->
<testsuite hostname="agropecuario" failures="0" tests="7" name="WikipediaTest07" time="10.670" errors="0" timestamp="2026-03-14T15:37:31 CET" skipped="0">
  <testcase classname="WikipediaTest07" name="verifyFooterLinksExist" time="1.586"/>
  <testcase classname="WikipediaTest07" name="verifyMainContentSections" time="1.444"/>
  <testcase classname="WikipediaTest07" name="verifyMajorFilmsMentions" time="1.600"/>
  <testcase classname="WikipediaTest07" name="verifyArticlePageStructure" time="1.387"/>
  <testcase classname="WikipediaTest07" name="verifyPageHeaderTabs" time="1.632"/>
  <testcase classname="WikipediaTest07" name="verifySidebarNavigationMenu" time="1.581"/>
  <testcase classname="WikipediaTest07" name="verifyCorporateInfoboxDetails" time="1.440"/>
</testsuite> <!-- WikipediaTest07 -->
