<?xml version="1.0" encoding="UTF-8"?>
<!-- Generated by org.testng.reporters.JUnitReportReporter -->
<testsuite hostname="agropecuario" failures="0" tests="6" name="WikipediaTest02" time="7.895" errors="0" timestamp="2026-03-14T15:37:31 CET" skipped="0">
  <testcase classname="WikipediaTest02" name="verifyAllContentSections" time="1.443"/>
  <testcase classname="WikipediaTest02" name="verifySidebarNavigationMenu" time="1.276"/>
  <testcase classname="WikipediaTest02" name="verifyModelsSubsections" time="1.541"/>
  <testcase classname="WikipediaTest02" name="verifyFooterLinksExist" time="1.252"/>
  <testcase classname="WikipediaTest02" name="verifyArticlePageStructure" time="1.188"/>
  <testcase classname="WikipediaTest02" name="verifyPageHeaderTabs" time="1.195"/>
</testsuite> <!-- WikipediaTest02 -->
