<?xml version="1.0" encoding="UTF-8"?>
<!-- Generated by org.testng.reporters.JUnitReportReporter -->
<testsuite hostname="agropecuario" failures="0" tests="7" name="WikipediaTest07" time="10.283" errors="0" timestamp="2026-03-14T17:09:44 CET" skipped="0">
  <testcase classname="WikipediaTest07" name="verifyPageHeaderTabs" time="1.437"/>
  <testcase classname="WikipediaTest07" name="verifyFooterLinksExist" time="1.430"/>
  <testcase classname="WikipediaTest07" name="verifyMainContentSections" time="1.373"/>
  <testcase classname="WikipediaTest07" name="verifyCorporateInfoboxDetails" time="1.484"/>
  <testcase classname="WikipediaTest07" name="verifyMajorFilmsMentions" time="1.584"/>
  <testcase classname="WikipediaTest07" name="verifySidebarNavigationMenu" time="1.470"/>
  <testcase classname="WikipediaTest07" name="verifyArticlePageStructure" time="1.505"/>
</testsuite> <!-- WikipediaTest07 -->
