<?xml version="1.0" encoding="UTF-8"?>
<!-- Generated by org.testng.reporters.JUnitReportReporter -->
<testsuite hostname="agropecuario" failures="0" tests="4" name="WikipediaTest05" time="5.304" errors="0" timestamp="2026-03-14T17:09:44 CET" skipped="0">
  <testcase classname="WikipediaTest05" name="verifyTechnicalSpecifications" time="1.438"/>
  <testcase classname="WikipediaTest05" name="verifySoftwareEmulationsSection" time="1.384"/>
  <testcase classname="WikipediaTest05" name="verifyFeaturesSection" time="1.213"/>
  <testcase classname="WikipediaTest05" name="verifySuccessorsSection" time="1.269"/>
</testsuite> <!-- WikipediaTest05 -->
