<?xml version="1.0" encoding="UTF-8"?>
<!-- Generated by org.testng.reporters.JUnitReportReporter -->
<testsuite hostname="agropecuario" failures="0" tests="4" name="WikipediaTest06" time="6.181" errors="0" timestamp="2026-03-14T15:29:25 CET" skipped="0">
  <testcase classname="WikipediaTest06" name="verifyUSBConnectorsSection" time="1.531"/>
  <testcase classname="WikipediaTest06" name="verifyCompatibilityTable" time="1.832"/>
  <testcase classname="WikipediaTest06" name="verifyConnectorsSubsections" time="1.371"/>
  <testcase classname="WikipediaTest06" name="verifyTypesSubSubsections" time="1.447"/>
</testsuite> <!-- WikipediaTest06 -->
