<?xml version="1.0" encoding="UTF-8"?>
<!-- Generated by org.testng.reporters.JUnitReportReporter -->
<testsuite hostname="agropecuario" failures="0" tests="6" name="WikipediaTest03" time="7.556" errors="0" timestamp="2026-03-14T17:09:44 CET" skipped="0">
  <testcase classname="WikipediaTest03" name="verifyAllContentSections" time="1.148"/>
  <testcase classname="WikipediaTest03" name="verifyPageHeaderTabs" time="1.319"/>
  <testcase classname="WikipediaTest03" name="verifyArticlePageStructure" time="1.150"/>
  <testcase classname="WikipediaTest03" name="verifySidebarNavigationMenu" time="1.472"/>
  <testcase classname="WikipediaTest03" name="verifyFooterLinksExist" time="1.220"/>
  <testcase classname="WikipediaTest03" name="verifyTechnicalSpecificationsInInfobox" time="1.247"/>
</testsuite> <!-- WikipediaTest03 -->
