<?xml version="1.0" encoding="UTF-8"?>
<!-- Generated by org.testng.reporters.JUnitReportReporter -->
<testsuite hostname="agropecuario" failures="0" tests="6" name="WikipediaTest02" time="7.377" errors="0" timestamp="2026-03-14T17:09:44 CET" skipped="0">
  <testcase classname="WikipediaTest02" name="verifyFooterLinksExist" time="1.211"/>
  <testcase classname="WikipediaTest02" name="verifyAllContentSections" time="1.132"/>
  <testcase classname="WikipediaTest02" name="verifySidebarNavigationMenu" time="1.343"/>
  <testcase classname="WikipediaTest02" name="verifyPageHeaderTabs" time="1.144"/>
  <testcase classname="WikipediaTest02" name="verifyModelsSubsections" time="1.345"/>
  <testcase classname="WikipediaTest02" name="verifyArticlePageStructure" time="1.202"/>
</testsuite> <!-- WikipediaTest02 -->
