<?xml version="1.0" encoding="UTF-8"?>
<!-- Generated by org.testng.reporters.JUnitReportReporter -->
<testsuite hostname="agropecuario" failures="0" tests="6" name="WikipediaTest03" time="7.692" errors="0" timestamp="2026-03-14T15:37:31 CET" skipped="0">
  <testcase classname="WikipediaTest03" name="verifySidebarNavigationMenu" time="1.355"/>
  <testcase classname="WikipediaTest03" name="verifyFooterLinksExist" time="1.266"/>
  <testcase classname="WikipediaTest03" name="verifyAllContentSections" time="1.201"/>
  <testcase classname="WikipediaTest03" name="verifyArticlePageStructure" time="1.291"/>
  <testcase classname="WikipediaTest03" name="verifyPageHeaderTabs" time="1.345"/>
  <testcase classname="WikipediaTest03" name="verifyTechnicalSpecificationsInInfobox" time="1.234"/>
</testsuite> <!-- WikipediaTest03 -->
