<?xml version="1.0" encoding="UTF-8"?>
<!-- Generated by org.testng.reporters.JUnitReportReporter -->
<testsuite hostname="agropecuario" failures="0" tests="4" name="WikipediaTest05" time="5.288" errors="0" timestamp="2026-03-14T15:29:25 CET" skipped="0">
  <testcase classname="WikipediaTest05" name="verifyTechnicalSpecifications" time="1.279"/>
  <testcase classname="WikipediaTest05" name="verifyFeaturesSection" time="1.436"/>
  <testcase classname="WikipediaTest05" name="verifySoftwareEmulationsSection" time="1.273"/>
  <testcase classname="WikipediaTest05" name="verifySuccessorsSection" time="1.300"/>
</testsuite> <!-- WikipediaTest05 -->
