<?xml version="1.0" encoding="UTF-8"?>
<!-- Generated by org.testng.reporters.JUnitReportReporter -->
<testsuite hostname="agropecuario" failures="0" tests="10" name="WikipediaTest01" time="13.716" errors="0" timestamp="2026-03-14T15:29:25 CET" skipped="0">
  <testcase classname="WikipediaTest01" name="verifyTodayFeaturedArticleExists" time="1.204"/>
  <testcase classname="WikipediaTest01" name="verifyMainPageStructure" time="1.162"/>
  <testcase classname="WikipediaTest01" name="verifyFooterLinksExist" time="1.288"/>
  <testcase classname="WikipediaTest01" name="verifyPageHeaderTabs" time="1.347"/>
  <testcase classname="WikipediaTest01" name="verifyAvailableLanguages" time="1.249"/>
  <testcase classname="WikipediaTest01" name="verifySisterProjectsSection" time="1.202"/>
  <testcase classname="WikipediaTest01" name="verifySearchFunctionality" time="1.725"/>
  <testcase classname="WikipediaTest01" name="verifySidebarNavigationMenu" time="1.393"/>
  <testcase classname="WikipediaTest01" name="verifyWikipediaLogoLinksToMainPage" time="1.809"/>
  <testcase classname="WikipediaTest01" name="verifyAllContentSections" time="1.337"/>
</testsuite> <!-- WikipediaTest01 -->
