<?xml version="1.0" encoding="UTF-8"?>
<!-- Generated by org.testng.reporters.JUnitReportReporter -->
<testsuite hostname="agropecuario" failures="0" tests="9" name="WikipediaTest10" time="77.633" errors="0" timestamp="2026-03-14T17:09:44 CET" skipped="0">
  <testcase classname="WikipediaTest10" name="verifyDonationSubmitButton" time="1.093"/>
  <testcase classname="WikipediaTest10" name="verifyCurrencyIsSetToEUR" time="1.345"/>
  <testcase classname="WikipediaTest10" name="verifyWikimediaBrandingAndTrustIndicators" time="1.911"/>
  <testcase classname="WikipediaTest10" name="completeDonationFlowValidation" time="1.797"/>
  <testcase classname="WikipediaTest10" name="verifyDonationPageLoadsCorrectly" time="1.090"/>
  <testcase classname="WikipediaTest10" name="verifyPaymentMethodOptions" time="0.975"/>
  <testcase classname="WikipediaTest10" name="verifyDonationFrequencyOptions" time="0.868"/>
  <testcase classname="WikipediaTest10" name="verifyCountrySelectionShowsSpain" time="60.926"/>
  <testcase classname="WikipediaTest10" name="verifyDonationAmountOptions" time="7.628"/>
</testsuite> <!-- WikipediaTest10 -->
